[0m16:41:00.999503 [debug] [MainThread]: Sending event: {'category': 'dbt', 'action': 'invocation', 'label': 'start', 'context': [<snowplow_tracker.self_describing_json.SelfDescribingJson object at 0x7f68a4f025c0>, <snowplow_tracker.self_describing_json.SelfDescribingJson object at 0x7f68a56a1330>, <snowplow_tracker.self_describing_json.SelfDescribingJson object at 0x7f68a56a1300>]}


============================== 16:41:01.006792 | 9a2f2842-10cb-4340-a372-82bf970f4a80 ==============================
[0m16:41:01.006792 [info ] [MainThread]: Running with dbt=1.6.0
[0m16:41:01.007735 [debug] [MainThread]: running dbt with arguments {'printer_width': '80', 'indirect_selection': 'eager', 'log_cache_events': 'False', 'write_json': 'True', 'partial_parse': 'True', 'cache_selected_only': 'False', 'profiles_dir': '/home/gabo/.dbt', 'debug': 'False', 'fail_fast': 'False', 'log_path': 'logs', 'version_check': 'True', 'warn_error': 'None', 'use_colors': 'True', 'use_experimental_parser': 'False', 'no_print': 'None', 'quiet': 'False', 'warn_error_options': 'WarnErrorOptions(include=[], exclude=[])', 'introspect': 'True', 'invocation_command': 'dbt init', 'static_parser': 'True', 'target_path': 'None', 'log_format': 'default', 'send_anonymous_usage_stats': 'True'}
[0m16:41:16.850065 [debug] [MainThread]: Starter project path: /home/gabo/dagster-dbt/venv/lib/python3.10/site-packages/dbt/include/starter_project
[0m16:41:16.861285 [info ] [MainThread]: 
Your new dbt project "kelihi" was created!

For more information on how to configure the profiles.yml file,
please consult the dbt documentation here:

  https://docs.getdbt.com/docs/configure-your-profile

One more thing:

Need help? Don't hesitate to reach out to us via GitHub issues or on Slack:

  https://community.getdbt.com/

Happy modeling!

[0m16:41:16.861823 [info ] [MainThread]: Setting up your profile.
[0m16:41:23.377938 [debug] [MainThread]: Command `dbt init` succeeded at 16:41:23.377747 after 22.40 seconds
[0m16:41:23.378512 [debug] [MainThread]: Sending event: {'category': 'dbt', 'action': 'invocation', 'label': 'end', 'context': [<snowplow_tracker.self_describing_json.SelfDescribingJson object at 0x7f68a4f025c0>, <snowplow_tracker.self_describing_json.SelfDescribingJson object at 0x7f68a7290940>, <snowplow_tracker.self_describing_json.SelfDescribingJson object at 0x7f68a3b04730>]}
[0m16:41:23.379116 [debug] [MainThread]: Flushing usage events
[0m17:28:03.840601 [debug] [MainThread]: Sending event: {'category': 'dbt', 'action': 'invocation', 'label': 'start', 'context': [<snowplow_tracker.self_describing_json.SelfDescribingJson object at 0x7f7ab5c1a590>, <snowplow_tracker.self_describing_json.SelfDescribingJson object at 0x7f7ab62e9360>, <snowplow_tracker.self_describing_json.SelfDescribingJson object at 0x7f7ab62e92a0>]}


============================== 17:28:03.843526 | 8d6488fc-a74a-4b43-9465-4988b85adcf4 ==============================
[0m17:28:03.843526 [info ] [MainThread]: Running with dbt=1.6.0
[0m17:28:03.844352 [debug] [MainThread]: running dbt with arguments {'printer_width': '80', 'indirect_selection': 'eager', 'log_cache_events': 'False', 'write_json': 'True', 'partial_parse': 'True', 'cache_selected_only': 'False', 'profiles_dir': '/home/gabo/dagster-dbt/dbt', 'version_check': 'True', 'warn_error': 'None', 'log_path': 'logs', 'fail_fast': 'False', 'debug': 'False', 'use_colors': 'True', 'use_experimental_parser': 'False', 'no_print': 'None', 'quiet': 'False', 'warn_error_options': 'WarnErrorOptions(include=[], exclude=[])', 'static_parser': 'True', 'invocation_command': 'dbt debug', 'introspect': 'True', 'target_path': 'None', 'log_format': 'default', 'send_anonymous_usage_stats': 'True'}
[0m17:28:03.844795 [info ] [MainThread]: dbt version: 1.6.0
[0m17:28:03.845170 [info ] [MainThread]: python version: 3.10.12
[0m17:28:03.845496 [info ] [MainThread]: python path: /home/gabo/dagster-dbt/venv/bin/python3
[0m17:28:03.845809 [info ] [MainThread]: os info: Linux-5.15.90.1-microsoft-standard-WSL2-x86_64-with-glibc2.35
[0m17:28:03.888869 [info ] [MainThread]: Using profiles dir at /home/gabo/dagster-dbt/dbt
[0m17:28:03.889377 [info ] [MainThread]: Using profiles.yml file at /home/gabo/dagster-dbt/dbt/profiles.yml
[0m17:28:03.889713 [info ] [MainThread]: Using dbt_project.yml file at /home/gabo/dagster-dbt/dbt/dbt_project.yml
[0m17:28:03.890159 [info ] [MainThread]: adapter type: postgres
[0m17:28:03.890438 [info ] [MainThread]: adapter version: 1.6.0
[0m17:28:03.890730 [info ] [MainThread]: Configuration:
[0m17:28:03.891021 [info ] [MainThread]:   profiles.yml file [[32mOK found and valid[0m]
[0m17:28:03.891282 [info ] [MainThread]:   dbt_project.yml file [[31mERROR not found[0m]
[0m17:28:03.891547 [info ] [MainThread]: Required dependencies:
[0m17:28:03.891820 [debug] [MainThread]: Executing "git --help"
[0m17:28:03.893114 [debug] [MainThread]: STDOUT: "b"usage: git [--version] [--help] [-C <path>] [-c <name>=<value>]\n           [--exec-path[=<path>]] [--html-path] [--man-path] [--info-path]\n           [-p | --paginate | -P | --no-pager] [--no-replace-objects] [--bare]\n           [--git-dir=<path>] [--work-tree=<path>] [--namespace=<name>]\n           [--super-prefix=<path>] [--config-env=<name>=<envvar>]\n           <command> [<args>]\n\nThese are common Git commands used in various situations:\n\nstart a working area (see also: git help tutorial)\n   clone     Clone a repository into a new directory\n   init      Create an empty Git repository or reinitialize an existing one\n\nwork on the current change (see also: git help everyday)\n   add       Add file contents to the index\n   mv        Move or rename a file, a directory, or a symlink\n   restore   Restore working tree files\n   rm        Remove files from the working tree and from the index\n\nexamine the history and state (see also: git help revisions)\n   bisect    Use binary search to find the commit that introduced a bug\n   diff      Show changes between commits, commit and working tree, etc\n   grep      Print lines matching a pattern\n   log       Show commit logs\n   show      Show various types of objects\n   status    Show the working tree status\n\ngrow, mark and tweak your common history\n   branch    List, create, or delete branches\n   commit    Record changes to the repository\n   merge     Join two or more development histories together\n   rebase    Reapply commits on top of another base tip\n   reset     Reset current HEAD to the specified state\n   switch    Switch branches\n   tag       Create, list, delete or verify a tag object signed with GPG\n\ncollaborate (see also: git help workflows)\n   fetch     Download objects and refs from another repository\n   pull      Fetch from and integrate with another repository or a local branch\n   push      Update remote refs along with associated objects\n\n'git help -a' and 'git help -g' list available subcommands and some\nconcept guides. See 'git help <command>' or 'git help <concept>'\nto read about a specific subcommand or concept.\nSee 'git help git' for an overview of the system.\n""
[0m17:28:03.893570 [debug] [MainThread]: STDERR: "b''"
[0m17:28:03.893885 [info ] [MainThread]:  - git [[32mOK found[0m]

[0m17:28:03.894326 [info ] [MainThread]: Connection:
[0m17:28:03.894657 [info ] [MainThread]:   host: database-1.ck7iwjg6mbq7.us-east-1.rds.amazonaws.com
[0m17:28:03.894939 [info ] [MainThread]:   port: 5432
[0m17:28:03.895246 [info ] [MainThread]:   user: postgres
[0m17:28:03.895521 [info ] [MainThread]:   database: postgres
[0m17:28:03.895758 [info ] [MainThread]:   schema: dbt_dev
[0m17:28:03.896059 [info ] [MainThread]:   connect_timeout: 10
[0m17:28:03.896387 [info ] [MainThread]:   role: None
[0m17:28:03.896676 [info ] [MainThread]:   search_path: None
[0m17:28:03.896936 [info ] [MainThread]:   keepalives_idle: 0
[0m17:28:03.897315 [info ] [MainThread]:   sslmode: None
[0m17:28:03.897657 [info ] [MainThread]:   sslcert: None
[0m17:28:03.897905 [info ] [MainThread]:   sslkey: None
[0m17:28:03.898140 [info ] [MainThread]:   sslrootcert: None
[0m17:28:03.898385 [info ] [MainThread]:   application_name: dbt
[0m17:28:03.898626 [info ] [MainThread]:   retries: 1
[0m17:28:03.898939 [info ] [MainThread]: Registered adapter: postgres=1.6.0
[0m17:28:03.899406 [debug] [MainThread]: Acquiring new postgres connection 'debug'
[0m17:28:03.899665 [debug] [MainThread]: Using postgres connection "debug"
[0m17:28:03.899905 [debug] [MainThread]: On debug: select 1 as id
[0m17:28:03.900135 [debug] [MainThread]: Opening a new connection, currently in state init
[0m17:28:06.502630 [debug] [MainThread]: SQL status: SELECT 1 in 3.0 seconds
[0m17:28:06.503646 [debug] [MainThread]: On debug: Close
[0m17:28:06.504113 [info ] [MainThread]:   Connection test: [[32mOK connection ok[0m]

[0m17:28:06.504514 [info ] [MainThread]: [31m1 check failed:[0m
[0m17:28:06.504857 [info ] [MainThread]: Project loading failed for the following reason:
 project path </home/gabo/dagster-dbt/dbt/dbt_project.yml> not found

[0m17:28:06.505369 [debug] [MainThread]: Command `dbt debug` failed at 17:28:06.505285 after 2.67 seconds
[0m17:28:06.505657 [debug] [MainThread]: Connection 'debug' was properly closed.
[0m17:28:06.505950 [debug] [MainThread]: Sending event: {'category': 'dbt', 'action': 'invocation', 'label': 'end', 'context': [<snowplow_tracker.self_describing_json.SelfDescribingJson object at 0x7f7ab5c1a590>, <snowplow_tracker.self_describing_json.SelfDescribingJson object at 0x7f7ab3572290>, <snowplow_tracker.self_describing_json.SelfDescribingJson object at 0x7f7ab3572320>]}
[0m17:28:06.506291 [debug] [MainThread]: Flushing usage events
